c:\users\jacob\desktop\compsys301\robotsim\cs301pacmanuselib\release\vc142.pdb
c:\users\jacob\desktop\compsys301\robotsim\cs301pacmanuselib\release\simmain.obj
c:\users\jacob\desktop\compsys301\robotsim\cs301pacmanuselib\release\data.obj
c:\users\jacob\source\repos\jacobm184\pathfinding_robot\cs301pacmanuselib\release\vc142.pdb
c:\users\jacob\source\repos\jacobm184\pathfinding_robot\cs301pacmanuselib\release\simmain.obj
c:\users\jacob\source\repos\jacobm184\pathfinding_robot\cs301pacmanuselib\release\data.obj
c:\users\jacob\desktop\compsys301\robotsim\release\cs301pacmanuselib.ipdb
c:\users\jacob\desktop\compsys301\robotsim\release\cs301pacmanuselib.iobj
c:\users\jacob\source\repos\jacobm184\pathfinding_robot\release\cs301pacmanuselib.ipdb
c:\users\jacob\source\repos\jacobm184\pathfinding_robot\release\cs301pacmanuselib.iobj
c:\users\jacob\desktop\compsys301\robotsim\release\cs301pacmanuselib.exe
c:\users\jacob\desktop\compsys301\robotsim\release\cs301pacmanuselib.pdb
c:\users\jacob\source\repos\jacobm184\pathfinding_robot\release\cs301pacmanuselib.exe
c:\users\jacob\source\repos\jacobm184\pathfinding_robot\release\cs301pacmanuselib.pdb
c:\users\jacob\source\repos\jacobm184\pathfinding_robot\cs301pacmanuselib\release\cs301pac.af6d31b5.tlog\cl.command.1.tlog
c:\users\jacob\source\repos\jacobm184\pathfinding_robot\cs301pacmanuselib\release\cs301pac.af6d31b5.tlog\cl.read.1.tlog
c:\users\jacob\source\repos\jacobm184\pathfinding_robot\cs301pacmanuselib\release\cs301pac.af6d31b5.tlog\cl.write.1.tlog
c:\users\jacob\source\repos\jacobm184\pathfinding_robot\cs301pacmanuselib\release\cs301pac.af6d31b5.tlog\cs301pacmanuselib.write.1u.tlog
c:\users\jacob\source\repos\jacobm184\pathfinding_robot\cs301pacmanuselib\release\cs301pac.af6d31b5.tlog\link.command.1.tlog
c:\users\jacob\source\repos\jacobm184\pathfinding_robot\cs301pacmanuselib\release\cs301pac.af6d31b5.tlog\link.read.1.tlog
c:\users\jacob\source\repos\jacobm184\pathfinding_robot\cs301pacmanuselib\release\cs301pac.af6d31b5.tlog\link.write.1.tlog
