  data.cpp
  SimMain.cpp
D:\cs301\RobotSim\robotsim\Cs301PacmanUseLib\SimMain.cpp(62,25): warning C4305: '=': truncation from 'double' to 'float'
D:\cs301\RobotSim\robotsim\Cs301PacmanUseLib\SimMain.cpp(64,34): warning C4305: '=': truncation from 'double' to 'float'
D:\cs301\RobotSim\robotsim\Cs301PacmanUseLib\SimMain.cpp(77,22): warning C4244: 'initializing': conversion from 'double' to 'float', possible loss of data
D:\cs301\RobotSim\robotsim\Cs301PacmanUseLib\SimMain.cpp(113,21): warning C4018: '<': signed/unsigned mismatch
  Generating Code...
  Cs301PacmenRobot.lib(mainFungGLAppEngin.obj) : MSIL .netmodule or module compiled with /GL found; restarting link with /LTCG; add /LTCG to the link command line to improve linker performance
LINK : warning LNK4075: ignoring '/INCREMENTAL' due to '/LTCG' specification
Cs301PacmenRobot.lib(mainFungGLAppEngin.obj) : error LNK2038: mismatch detected for '_ITERATOR_DEBUG_LEVEL': value '0' doesn't match value '2' in SimMain.obj
Cs301PacmenRobot.lib(mainFungGLAppEngin.obj) : error LNK2038: mismatch detected for 'RuntimeLibrary': value 'MD_DynamicRelease' doesn't match value 'MDd_DynamicDebug' in SimMain.obj
Cs301PacmenRobot.lib(gameManager.obj) : error LNK2038: mismatch detected for '_ITERATOR_DEBUG_LEVEL': value '0' doesn't match value '2' in SimMain.obj
Cs301PacmenRobot.lib(gameManager.obj) : error LNK2038: mismatch detected for 'RuntimeLibrary': value 'MD_DynamicRelease' doesn't match value 'MDd_DynamicDebug' in SimMain.obj
Cs301PacmenRobot.lib(mazeGen.obj) : error LNK2038: mismatch detected for '_ITERATOR_DEBUG_LEVEL': value '0' doesn't match value '2' in SimMain.obj
Cs301PacmenRobot.lib(mazeGen.obj) : error LNK2038: mismatch detected for 'RuntimeLibrary': value 'MD_DynamicRelease' doesn't match value 'MDd_DynamicDebug' in SimMain.obj
Cs301PacmenRobot.lib(Geometry.obj) : error LNK2038: mismatch detected for '_ITERATOR_DEBUG_LEVEL': value '0' doesn't match value '2' in SimMain.obj
Cs301PacmenRobot.lib(Geometry.obj) : error LNK2038: mismatch detected for 'RuntimeLibrary': value 'MD_DynamicRelease' doesn't match value 'MDd_DynamicDebug' in SimMain.obj
Cs301PacmenRobot.lib(AStarManager.obj) : error LNK2038: mismatch detected for '_ITERATOR_DEBUG_LEVEL': value '0' doesn't match value '2' in SimMain.obj
Cs301PacmenRobot.lib(AStarManager.obj) : error LNK2038: mismatch detected for 'RuntimeLibrary': value 'MD_DynamicRelease' doesn't match value 'MDd_DynamicDebug' in SimMain.obj
Cs301PacmenRobot.lib(Utilities.obj) : error LNK2038: mismatch detected for '_ITERATOR_DEBUG_LEVEL': value '0' doesn't match value '2' in SimMain.obj
Cs301PacmenRobot.lib(Utilities.obj) : error LNK2038: mismatch detected for 'RuntimeLibrary': value 'MD_DynamicRelease' doesn't match value 'MDd_DynamicDebug' in SimMain.obj
LINK : warning LNK4098: defaultlib 'MSVCRT' conflicts with use of other libs; use /NODEFAULTLIB:library
D:\cs301\RobotSim\robotsim\Cs301PacmanUseLib\Debug\Cs301PacmanUseLib.exe : fatal error LNK1319: 12 mismatches detected
